<?xml version="1.0"?>
<testsuites>
  <testsuite name="Chrome 31.0.1650 (Windows 7)" package="undefined" timestamp="2013-12-11T03:27:47" id="0" hostname="Flash" tests="46" errors="0" failures="2" time="0.312">
    <properties>
      <property name="browser.fullName" value="Mozilla/5.0 (Windows NT 6.1; WOW64) AppleWebKit/537.36 (KHTML, like Gecko) Chrome/31.0.1650.63 Safari/537.36"/>
    </properties>
    <testcase name="Test four fields" time="0.063" classname="Chrome 31.0.1650 (Windows 7).NPC Editor Unit Test"/>
    <testcase name="Test npcs field npcName type is string" time="0.015" classname="Chrome 31.0.1650 (Windows 7).NPC Editor Unit Test"/>
    <testcase name="Test npcs field hitPoints type is number" time="0" classname="Chrome 31.0.1650 (Windows 7).NPC Editor Unit Test"/>
    <testcase name="Test npcs field health type is number" time="0.016" classname="Chrome 31.0.1650 (Windows 7).NPC Editor Unit Test"/>
    <testcase name="Test npcs field totalMoves type is number" time="0" classname="Chrome 31.0.1650 (Windows 7).NPC Editor Unit Test"/>
    <testcase name="Test first record has default values set to Lucy" time="0.015" classname="Chrome 31.0.1650 (Windows 7).NPC Editor Unit Test"/>
    <testcase name="Test Miles To Feet For One Mile" time="0" classname="Chrome 31.0.1650 (Windows 7).Miles Converter Unit Test"/>
    <testcase name="Test Miles To Feet For 2 Miles" time="0.016" classname="Chrome 31.0.1650 (Windows 7).Miles Converter Unit Test"/>
    <testcase name="Test Miles To Feet For Default" time="0" classname="Chrome 31.0.1650 (Windows 7).Miles Converter Unit Test"/>
    <testcase name="Test Miles To Inches For One Mile" time="0" classname="Chrome 31.0.1650 (Windows 7).Miles Converter Unit Test"/>
    <testcase name="Test Miles To Yards For One Mile" time="0" classname="Chrome 31.0.1650 (Windows 7).Miles Converter Unit Test"/>
    <testcase name="Test Miles To Kilometers For One Mile" time="0.016" classname="Chrome 31.0.1650 (Windows 7).Miles Converter Unit Test"/>
    <testcase name="Test Miles To Feet For No Miles" time="0" classname="Chrome 31.0.1650 (Windows 7).Miles Converter Unit Test"/>
    <testcase name="Test Miles To Inches For No Miles" time="0" classname="Chrome 31.0.1650 (Windows 7).Miles Converter Unit Test"/>
    <testcase name="Test Miles To Yards For No Miles" time="0" classname="Chrome 31.0.1650 (Windows 7).Miles Converter Unit Test"/>
    <testcase name="Test Miles To Kilometers For No Miles" time="0.015" classname="Chrome 31.0.1650 (Windows 7).Miles Converter Unit Test"/>
    <testcase name="Test Miles To Feet For Negative One Mile" time="0" classname="Chrome 31.0.1650 (Windows 7).Miles Converter Unit Test"/>
    <testcase name="Test Miles To Inches For Negative One Mile" time="0.016" classname="Chrome 31.0.1650 (Windows 7).Miles Converter Unit Test"/>
    <testcase name="Test Miles To Yards For Negative One Mile" time="0" classname="Chrome 31.0.1650 (Windows 7).Miles Converter Unit Test"/>
    <testcase name="Test Miles To Kilometers For Negative One Mile" time="0" classname="Chrome 31.0.1650 (Windows 7).Miles Converter Unit Test"/>
    <testcase name="Test Miles To Feet For One Quadrillion Miles" time="0" classname="Chrome 31.0.1650 (Windows 7).Miles Converter Unit Test"/>
    <testcase name="Test Miles To Inches For One Quadrillion Miles" time="0.015" classname="Chrome 31.0.1650 (Windows 7).Miles Converter Unit Test"/>
    <testcase name="Test Miles To Yards For One Quadrillion Miles" time="0" classname="Chrome 31.0.1650 (Windows 7).Miles Converter Unit Test"/>
    <testcase name="Test Miles To Kilometers For One Quadrillion Miles" time="0" classname="Chrome 31.0.1650 (Windows 7).Miles Converter Unit Test"/>
    <testcase name="Test Roll 4 Sided Dice" time="0" classname="Chrome 31.0.1650 (Windows 7).Roll Dice Unit Test"/>
    <testcase name="Test Roll 6 Sided Dice" time="0.016" classname="Chrome 31.0.1650 (Windows 7).Roll Dice Unit Test"/>
    <testcase name="Test Roll 10 Sided Dice" time="0" classname="Chrome 31.0.1650 (Windows 7).Roll Dice Unit Test"/>
    <testcase name="Test Roll 20 Sided Dice" time="0" classname="Chrome 31.0.1650 (Windows 7).Roll Dice Unit Test"/>
    <testcase name="Test Roll 2 Six Sided Dice" time="0.016" classname="Chrome 31.0.1650 (Windows 7).Roll Dice Unit Test"/>
    <testcase name="Test Roll 3 Six Sided Dice" time="0" classname="Chrome 31.0.1650 (Windows 7).Roll Dice Unit Test"/>
    <testcase name="gets bookFactory data" time="0" classname="Chrome 31.0.1650 (Windows 7).Test Books"/>
    <testcase name="bookFactory book data is correct" time="0" classname="Chrome 31.0.1650 (Windows 7).Test Books"/>
    <testcase name="gets book from author" time="0.015" classname="Chrome 31.0.1650 (Windows 7).Test Books"/>
    <testcase name="gets author from book" time="0" classname="Chrome 31.0.1650 (Windows 7).Test Books"/>
    <testcase name="search controller gets books" time="0" classname="Chrome 31.0.1650 (Windows 7).Test Books"/>
    <testcase name="search controller gets book from author" time="0.016" classname="Chrome 31.0.1650 (Windows 7).Test Books"/>
    <testcase name="search controller gets author from book" time="0" classname="Chrome 31.0.1650 (Windows 7).Test Books"/>
    <testcase name="gets musicFactory data" time="0" classname="Chrome 31.0.1650 (Windows 7).Test Music"/>
    <testcase name="musicFactory album data is correct" time="0" classname="Chrome 31.0.1650 (Windows 7).Test Music"/>
    <testcase name="gets musician from album" time="0.015" classname="Chrome 31.0.1650 (Windows 7).Test Music"/>
    <testcase name="gets album from musician" time="0" classname="Chrome 31.0.1650 (Windows 7).Test Music"/>
    <testcase name="search controller gets albums" time="0" classname="Chrome 31.0.1650 (Windows 7).Test Music"/>
    <testcase name="search controller gets musician from album" time="0" classname="Chrome 31.0.1650 (Windows 7).Test Music"/>
    <testcase name="search controller gets album from musician" time="0" classname="Chrome 31.0.1650 (Windows 7).Test Music"/>
    <testcase name="Test loadAlbumsFromJson - musician field" time="0.032" classname="Chrome 31.0.1650 (Windows 7).Test Music">
      <failure type="">TypeError: Property &apos;loadAlbumsFromJson&apos; of object #&lt;Scope&gt; is not a function
    at null.&lt;anonymous&gt; (C:/Users/JP/Dev/Workspace/ISIT-Marinacci/Marinacci-Week10-AngularJson/Test/TestJsonMusic.js:39:20)
</failure>
      <failure type="">Error: Unexpected request: GET books.json
No more request expected
    at $httpBackend (C:/Users/JP/Dev/Workspace/ISIT-Marinacci/mainLibrary/angular-mocks.js:1176:9)
    at sendReq (C:/Users/JP/Dev/Workspace/ISIT-Marinacci/mainLibrary/angular.js:7721:9)
    at $http.serverRequest (C:/Users/JP/Dev/Workspace/ISIT-Marinacci/mainLibrary/angular.js:7455:16)
    at wrappedCallback (C:/Users/JP/Dev/Workspace/ISIT-Marinacci/mainLibrary/angular.js:10696:81)
    at wrappedCallback (C:/Users/JP/Dev/Workspace/ISIT-Marinacci/mainLibrary/angular.js:10696:81)
    at C:/Users/JP/Dev/Workspace/ISIT-Marinacci/mainLibrary/angular.js:10782:26
    at Scope.$eval (C:/Users/JP/Dev/Workspace/ISIT-Marinacci/mainLibrary/angular.js:11697:28)
    at Scope.$digest (C:/Users/JP/Dev/Workspace/ISIT-Marinacci/mainLibrary/angular.js:11525:31)
    at Function.$httpBackend.verifyNoOutstandingExpectation (C:/Users/JP/Dev/Workspace/ISIT-Marinacci/mainLibrary/angular-mocks.js:1483:16)
    at null.&lt;anonymous&gt; (C:/Users/JP/Dev/Workspace/ISIT-Marinacci/Marinacci-Week10-AngularJson/Test/TestJsonMusic.js:28:16)
</failure>
    </testcase>
    <testcase name="can get music data" time="0.015" classname="Chrome 31.0.1650 (Windows 7).Test Mongo Music">
      <failure type="">Error: [$injector:unpr] Unknown provider: musicFactoryProvider &lt;- musicFactory
http://errors.angularjs.org/1.2.4/$injector/unpr?p0=musicFactoryProvider%20%3C-%20musicFactory
    at C:/Users/JP/Dev/Workspace/ISIT-Marinacci/mainLibrary/angular.js:78:12
    at C:/Users/JP/Dev/Workspace/ISIT-Marinacci/mainLibrary/angular.js:3479:19
    at Object.getService [as get] (C:/Users/JP/Dev/Workspace/ISIT-Marinacci/mainLibrary/angular.js:3606:39)
    at C:/Users/JP/Dev/Workspace/ISIT-Marinacci/mainLibrary/angular.js:3484:45
    at Object.getService [as get] (C:/Users/JP/Dev/Workspace/ISIT-Marinacci/mainLibrary/angular.js:3606:39)
    at null.&lt;anonymous&gt; (C:/Users/JP/Dev/Workspace/ISIT-Marinacci/Marinacci-Week10-AngularMongo/Test/TestMongoMusic.js:20:28)
    at Object.invoke (C:/Users/JP/Dev/Workspace/ISIT-Marinacci/mainLibrary/angular.js:3652:28)
    at workFn (C:/Users/JP/Dev/Workspace/ISIT-Marinacci/mainLibrary/angular-mocks.js:2101:20)
Error: Declaration Location
    at window.inject.angular.mock.inject (C:/Users/JP/Dev/Workspace/ISIT-Marinacci/mainLibrary/angular-mocks.js:2086:25)
    at null.&lt;anonymous&gt; (C:/Users/JP/Dev/Workspace/ISIT-Marinacci/Marinacci-Week10-AngularMongo/Test/TestMongoMusic.js:15:13)
    at C:/Users/JP/Dev/Workspace/ISIT-Marinacci/Marinacci-Week10-AngularMongo/Test/TestMongoMusic.js:5:1
</failure>
      <failure type="">TypeError: Property &apos;loadAlbumsFromData&apos; of object #&lt;Scope&gt; is not a function
    at null.&lt;anonymous&gt; (C:/Users/JP/Dev/Workspace/ISIT-Marinacci/Marinacci-Week10-AngularMongo/Test/TestMongoMusic.js:55:25)
</failure>
      <failure type="">Error: Unexpected request: GET https://api.mongolab.com/api/1/databases/jpdata/collections/Books?apiKey=8nZ9MUgCVTyWV-8vMfufSdjKb14fArUG
No more request expected
    at $httpBackend (C:/Users/JP/Dev/Workspace/ISIT-Marinacci/mainLibrary/angular-mocks.js:1176:9)
    at sendReq (C:/Users/JP/Dev/Workspace/ISIT-Marinacci/mainLibrary/angular.js:7721:9)
    at $http.serverRequest (C:/Users/JP/Dev/Workspace/ISIT-Marinacci/mainLibrary/angular.js:7455:16)
    at wrappedCallback (C:/Users/JP/Dev/Workspace/ISIT-Marinacci/mainLibrary/angular.js:10696:81)
    at wrappedCallback (C:/Users/JP/Dev/Workspace/ISIT-Marinacci/mainLibrary/angular.js:10696:81)
    at C:/Users/JP/Dev/Workspace/ISIT-Marinacci/mainLibrary/angular.js:10782:26
    at Scope.$eval (C:/Users/JP/Dev/Workspace/ISIT-Marinacci/mainLibrary/angular.js:11697:28)
    at Scope.$digest (C:/Users/JP/Dev/Workspace/ISIT-Marinacci/mainLibrary/angular.js:11525:31)
    at Function.$httpBackend.verifyNoOutstandingExpectation (C:/Users/JP/Dev/Workspace/ISIT-Marinacci/mainLibrary/angular-mocks.js:1483:16)
    at null.&lt;anonymous&gt; (C:/Users/JP/Dev/Workspace/ISIT-Marinacci/Marinacci-Week10-AngularMongo/Test/TestMongoMusic.js:28:22)
</failure>
    </testcase>
    <system-out><![CDATA[Chrome 31.0.1650 (Windows 7) LOG: LOG
 'music data factory called',Chrome 31.0.1650 (Windows 7) LOG: LOG
 'book data factory called'
]]></system-out>
    <system-err/>
  </testsuite>
</testsuites>
